<?xml version="1.0" encoding="UTF-8"?>
<!-- Generated by org.testng.reporters.JUnitReportReporter -->
<testsuite hostname="LMMUMLP0835" failures="0" tests="1" name="Pac_selenium2024.NewTest_1" time="0.120" errors="0" timestamp="2024-01-25T10:55:23 IST" skipped="0">
  <testcase classname="Pac_selenium2024.NewTest_1" name="f" time="0.120"/>
</testsuite> <!-- Pac_selenium2024.NewTest_1 -->
