<?xml version="1.0" encoding="UTF-8"?>
<!-- Generated by org.testng.reporters.JUnitReportReporter -->
<testsuite hostname="LMMUMLP0835" failures="0" tests="3" name="Pac_2_Testng.NewTest_5" time="0.371" errors="0" timestamp="2024-01-25T10:55:23 IST" skipped="0">
  <testcase classname="Pac_2_Testng.NewTest_5" name="test4" time="0.249"/>
  <testcase classname="Pac_2_Testng.NewTest_5" name="test3" time="0.021"/>
  <testcase classname="Pac_2_Testng.NewTest_5" name="test2" time="0.101"/>
</testsuite> <!-- Pac_2_Testng.NewTest_5 -->
