<?xml version="1.0" encoding="UTF-8"?>
<!-- Generated by org.testng.reporters.JUnitReportReporter -->
<testsuite hostname="LMMUMLP0835" failures="0" tests="1" name="Pac_2_Testng.NewTest_2" time="15.515" errors="0" timestamp="2024-01-22T18:12:37 IST" skipped="0">
  <testcase classname="Pac_2_Testng.NewTest_2" name="f" time="15.515"/>
</testsuite> <!-- Pac_2_Testng.NewTest_2 -->
