<?xml version="1.0" encoding="UTF-8"?>
<!-- Generated by org.testng.reporters.JUnitReportReporter -->
<testsuite hostname="LMMUMLP0835" failures="0" tests="1" name="Pac_2_Testng.TC001_Testng" time="0.050" errors="0" timestamp="2024-01-22T13:31:57 IST" skipped="0">
  <testcase classname="Pac_2_Testng.TC001_Testng" name="loginTest" time="0.050"/>
</testsuite> <!-- Pac_2_Testng.TC001_Testng -->
