<?xml version="1.0" encoding="UTF-8"?>
<!-- Generated by org.testng.reporters.JUnitReportReporter -->
<testsuite hostname="LMMUMLP0835" failures="0" tests="2" name="Pac_2_Testng.Assignment_casestudy" time="143.955" errors="0" timestamp="2024-01-30T13:27:06 IST" skipped="0">
  <testcase classname="Pac_2_Testng.Assignment_casestudy" name="f" time="77.941"/>
  <testcase classname="Pac_2_Testng.Assignment_casestudy" name="f" time="66.014"/>
</testsuite> <!-- Pac_2_Testng.Assignment_casestudy -->
