<?xml version="1.0" encoding="UTF-8"?>
<!-- Generated by org.testng.reporters.JUnitReportReporter -->
<testsuite hostname="LMMUMLP0835" failures="0" tests="2" name="Pac_2_Testng.Assignment_casestudy_2" time="120.909" errors="0" timestamp="2024-01-30T13:30:05 IST" skipped="0">
  <testcase classname="Pac_2_Testng.Assignment_casestudy_2" name="f" time="59.619"/>
  <testcase classname="Pac_2_Testng.Assignment_casestudy_2" name="f" time="61.290"/>
</testsuite> <!-- Pac_2_Testng.Assignment_casestudy_2 -->
